# JRE version: OpenJDK Runtime Environment (8.0_152-b01) (build 1.8.0_152-release-915-b01)
# Java VM: OpenJDK 64-Bit Server VM (25.152-b01 mixed mode linux-amd64 compressed oops)
Heap:
 PSYoungGen      total 319488K, used 34285K [0x00000000e0000000, 0x00000000f6180000, 0x0000000100000000)
  eden space 285184K, 0% used [0x00000000e0000000,0x00000000e0000000,0x00000000f1680000)
  from space 34304K, 99% used [0x00000000f1680000,0x00000000f37fb648,0x00000000f3800000)
  to   space 32768K, 0% used [0x00000000f3800000,0x00000000f3800000,0x00000000f5800000)
 ParOldGen       total 105984K, used 105545K [0x00000000a0000000, 0x00000000a6780000, 0x00000000e0000000)
  object space 105984K, 99% used [0x00000000a0000000,0x00000000a67125a0,0x00000000a6780000)
 Metaspace       used 76988K, capacity 79754K, committed 79960K, reserved 1118208K
  class space    used 9971K, capacity 10586K, committed 10624K, reserved 1048576K
GC Heap History (10 events):
Event: 33.422 GC heap after
Heap after GC invocations=17 (full 3):
 PSYoungGen      total 199680K, used 6222K [0x00000000e0000000, 0x00000000ee680000, 0x0000000100000000)
  eden space 190976K, 0% used [0x00000000e0000000,0x00000000e0000000,0x00000000eba80000)
  from space 8704K, 71% used [0x00000000ede00000,0x00000000ee413850,0x00000000ee680000)
  to   space 22528K, 0% used [0x00000000eba80000,0x00000000eba80000,0x00000000ed080000)
 ParOldGen       total 99328K, used 44264K [0x00000000a0000000, 0x00000000a6100000, 0x00000000e0000000)
  object space 99328K, 44% used [0x00000000a0000000,0x00000000a2b3a378,0x00000000a6100000)
 Metaspace       used 60773K, capacity 62778K, committed 63064K, reserved 1103872K
  class space    used 8030K, capacity 8540K, committed 8576K, reserved 1048576K
}
Event: 85.314 GC heap before
{Heap before GC invocations=18 (full 3):
 PSYoungGen      total 199680K, used 197198K [0x00000000e0000000, 0x00000000ee680000, 0x0000000100000000)
  eden space 190976K, 100% used [0x00000000e0000000,0x00000000eba80000,0x00000000eba80000)
  from space 8704K, 71% used [0x00000000ede00000,0x00000000ee413850,0x00000000ee680000)
  to   space 22528K, 0% used [0x00000000eba80000,0x00000000eba80000,0x00000000ed080000)
 ParOldGen       total 99328K, used 44264K [0x00000000a0000000, 0x00000000a6100000, 0x00000000e0000000)
  object space 99328K, 44% used [0x00000000a0000000,0x00000000a2b3a378,0x00000000a6100000)
 Metaspace       used 71490K, capacity 73858K, committed 73944K, reserved 1114112K
  class space    used 9411K, capacity 9972K, committed 9984K, reserved 1048576K
Event: 85.735 GC heap after
Heap after GC invocations=18 (full 3):
 PSYoungGen      total 213504K, used 16621K [0x00000000e0000000, 0x00000000f1700000, 0x0000000100000000)
  eden space 190976K, 0% used [0x00000000e0000000,0x00000000e0000000,0x00000000eba80000)
  from space 22528K, 73% used [0x00000000eba80000,0x00000000ecabb438,0x00000000ed080000)
  to   space 23552K, 0% used [0x00000000f0000000,0x00000000f0000000,0x00000000f1700000)
 ParOldGen       total 99328K, used 44272K [0x00000000a0000000, 0x00000000a6100000, 0x00000000e0000000)
  object space 99328K, 44% used [0x00000000a0000000,0x00000000a2b3c378,0x00000000a6100000)
 Metaspace       used 71490K, capacity 73858K, committed 73944K, reserved 1114112K
  class space    used 9411K, capacity 9972K, committed 9984K, reserved 1048576K
}
Event: 88.365 GC heap before
{Heap before GC invocations=19 (full 3):
 PSYoungGen      total 213504K, used 207414K [0x00000000e0000000, 0x00000000f1700000, 0x0000000100000000)
  eden space 190976K, 99% used [0x00000000e0000000,0x00000000eba52588,0x00000000eba80000)
  from space 22528K, 73% used [0x00000000eba80000,0x00000000ecabb438,0x00000000ed080000)
  to   space 23552K, 0% used [0x00000000f0000000,0x00000000f0000000,0x00000000f1700000)
 ParOldGen       total 99328K, used 44272K [0x00000000a0000000, 0x00000000a6100000, 0x00000000e0000000)
  object space 99328K, 44% used [0x00000000a0000000,0x00000000a2b3c378,0x00000000a6100000)
 Metaspace       used 72529K, capacity 75124K, committed 75224K, reserved 1114112K
  class space    used 9554K, capacity 10155K, committed 10240K, reserved 1048576K
Event: 88.407 GC heap after
Heap after GC invocations=19 (full 3):
 PSYoungGen      total 261632K, used 15090K [0x00000000e0000000, 0x00000000f1a80000, 0x0000000100000000)
  eden space 238080K, 0% used [0x00000000e0000000,0x00000000e0000000,0x00000000ee880000)
  from space 23552K, 64% used [0x00000000f0000000,0x00000000f0ebc928,0x00000000f1700000)
  to   space 24064K, 0% used [0x00000000ee880000,0x00000000ee880000,0x00000000f0000000)
 ParOldGen       total 99328K, used 44280K [0x00000000a0000000, 0x00000000a6100000, 0x00000000e0000000)
  object space 99328K, 44% used [0x00000000a0000000,0x00000000a2b3e378,0x00000000a6100000)
 Metaspace       used 72529K, capacity 75124K, committed 75224K, reserved 1114112K
  class space    used 9554K, capacity 10155K, committed 10240K, reserved 1048576K
}
Event: 92.046 GC heap before
{Heap before GC invocations=20 (full 3):
 PSYoungGen      total 261632K, used 253170K [0x00000000e0000000, 0x00000000f1a80000, 0x0000000100000000)
  eden space 238080K, 100% used [0x00000000e0000000,0x00000000ee880000,0x00000000ee880000)
  from space 23552K, 64% used [0x00000000f0000000,0x00000000f0ebc928,0x00000000f1700000)
  to   space 24064K, 0% used [0x00000000ee880000,0x00000000ee880000,0x00000000f0000000)
 ParOldGen       total 99328K, used 44280K [0x00000000a0000000, 0x00000000a6100000, 0x00000000e0000000)
  object space 99328K, 44% used [0x00000000a0000000,0x00000000a2b3e378,0x00000000a6100000)
 Metaspace       used 75991K, capacity 78740K, committed 79064K, reserved 1118208K
  class space    used 9878K, capacity 10487K, committed 10496K, reserved 1048576K
Event: 92.152 GC heap after
Heap after GC invocations=20 (full 3):
 PSYoungGen      total 262144K, used 24041K [0x00000000e0000000, 0x00000000f5800000, 0x0000000100000000)
  eden space 238080K, 0% used [0x00000000e0000000,0x00000000e0000000,0x00000000ee880000)
  from space 24064K, 99% used [0x00000000ee880000,0x00000000efffa4c0,0x00000000f0000000)
  to   space 32768K, 0% used [0x00000000f3800000,0x00000000f3800000,0x00000000f5800000)
 ParOldGen       total 99328K, used 57850K [0x00000000a0000000, 0x00000000a6100000, 0x00000000e0000000)
  object space 99328K, 58% used [0x00000000a0000000,0x00000000a387eaa0,0x00000000a6100000)
 Metaspace       used 75991K, capacity 78740K, committed 79064K, reserved 1118208K
  class space    used 9878K, capacity 10487K, committed 10496K, reserved 1048576K
}
Event: 93.791 GC heap before
{Heap before GC invocations=21 (full 3):
 PSYoungGen      total 262144K, used 262121K [0x00000000e0000000, 0x00000000f5800000, 0x0000000100000000)
  eden space 238080K, 100% used [0x00000000e0000000,0x00000000ee880000,0x00000000ee880000)
  from space 24064K, 99% used [0x00000000ee880000,0x00000000efffa4c0,0x00000000f0000000)
  to   space 32768K, 0% used [0x00000000f3800000,0x00000000f3800000,0x00000000f5800000)
 ParOldGen       total 99328K, used 57850K [0x00000000a0000000, 0x00000000a6100000, 0x00000000e0000000)
  object space 99328K, 58% used [0x00000000a0000000,0x00000000a387eaa0,0x00000000a6100000)
 Metaspace       used 76265K, capacity 78940K, committed 79064K, reserved 1118208K
  class space    used 9891K, capacity 10487K, committed 10496K, reserved 1048576K
Event: 93.859 GC heap after
Heap after GC invocations=21 (full 3):
 PSYoungGen      total 317952K, used 22306K [0x00000000e0000000, 0x00000000f6180000, 0x0000000100000000)
  eden space 285184K, 0% used [0x00000000e0000000,0x00000000e0000000,0x00000000f1680000)
  from space 32768K, 68% used [0x00000000f3800000,0x00000000f4dc8880,0x00000000f5800000)
  to   space 34304K, 0% used [0x00000000f1680000,0x00000000f1680000,0x00000000f3800000)
 ParOldGen       total 99328K, used 67267K [0x00000000a0000000, 0x00000000a6100000, 0x00000000e0000000)
  object space 99328K, 67% used [0x00000000a0000000,0x00000000a41b0f30,0x00000000a6100000)
 Metaspace       used 76265K, capacity 78940K, committed 79064K, reserved 1118208K
  class space    used 9891K, capacity 10487K, committed 10496K, reserved 1048576K
}
Event: 95.714 GC heap before
{Heap before GC invocations=22 (full 3):
 PSYoungGen      total 317952K, used 307490K [0x00000000e0000000, 0x00000000f6180000, 0x0000000100000000)
  eden space 285184K, 100% used [0x00000000e0000000,0x00000000f1680000,0x00000000f1680000)
  from space 32768K, 68% used [0x00000000f3800000,0x00000000f4dc8880,0x00000000f5800000)
  to   space 34304K, 0% used [0x00000000f1680000,0x00000000f1680000,0x00000000f3800000)
 ParOldGen       total 99328K, used 67267K [0x00000000a0000000, 0x00000000a6100000, 0x00000000e0000000)
  object space 99328K, 67% used [0x00000000a0000000,0x00000000a41b0f30,0x00000000a6100000)
 Metaspace       used 76988K, capacity 79754K, committed 79960K, reserved 1118208K
  class space    used 9971K, capacity 10586K, committed 10624K, reserved 1048576K

